Downloading https://services.gradle.org/distributions/gradle-2.14.1-all.zip
...........................................................................................................................................................................................................................................................................................................................................................................................................................................................................................................................................................................................................................................................................................................................................................................................................................................................................................................................................................................................................................................................................................................................................................................................................................................................................................................................................................................................................................................................................................................................................................................................................................................................................................................................................................................................................................................................................................................................................................................................................................................................................................................................................................................................................................................................................................................................................................................................................................................................................................................................................................................................................................................................................................................................................................................................................................................................................................................................................................................................................................................................................................................................................................................................................................................................................................................................................................................................................................................................................................................................................................................................
Unzipping /root/.gradle/wrapper/dists/gradle-2.14.1-all/8bnwg5hd3w55iofp58khbp6yv/gradle-2.14.1-all.zip to /root/.gradle/wrapper/dists/gradle-2.14.1-all/8bnwg5hd3w55iofp58khbp6yv
Set executable permissions for: /root/.gradle/wrapper/dists/gradle-2.14.1-all/8bnwg5hd3w55iofp58khbp6yv/gradle-2.14.1/bin/gradle
To honour the JVM settings for this build a new JVM will be forked. Please consider using the daemon: https://docs.gradle.org/2.14.1/userguide/gradle_daemon.html.
Download https://jcenter.bintray.com/com/android/tools/build/gradle/2.2.0/gradle-2.2.0.pom
Download https://jcenter.bintray.com/com/android/tools/build/gradle-core/2.2.0/gradle-core-2.2.0.pom
Download https://jcenter.bintray.com/com/android/tools/build/builder/2.2.0/builder-2.2.0.pom
Download https://jcenter.bintray.com/com/android/tools/lint/lint/25.2.0/lint-25.2.0.pom
Download https://jcenter.bintray.com/com/android/tools/build/transform-api/2.0.0-deprecated-use-gradle-api/transform-api-2.0.0-deprecated-use-gradle-api.pom
Download https://jcenter.bintray.com/com/android/tools/build/gradle-api/2.2.0/gradle-api-2.2.0.pom
Download https://jcenter.bintray.com/com/android/databinding/compilerCommon/2.2.0/compilerCommon-2.2.0.pom
Download https://jcenter.bintray.com/org/ow2/asm/asm/5.0.4/asm-5.0.4.pom
Download https://jcenter.bintray.com/org/ow2/asm/asm-parent/5.0.4/asm-parent-5.0.4.pom
Download https://jcenter.bintray.com/org/ow2/ow2/1.3/ow2-1.3.pom
Download https://jcenter.bintray.com/org/ow2/asm/asm-commons/5.0.4/asm-commons-5.0.4.pom
Download https://jcenter.bintray.com/net/sf/proguard/proguard-gradle/5.2.1/proguard-gradle-5.2.1.pom
Download https://jcenter.bintray.com/net/sf/proguard/proguard-parent/5.2.1/proguard-parent-5.2.1.pom
Download https://jcenter.bintray.com/org/jacoco/org.jacoco.core/0.7.5.201505241946/org.jacoco.core-0.7.5.201505241946.pom
Download https://jcenter.bintray.com/org/jacoco/org.jacoco.build/0.7.5.201505241946/org.jacoco.build-0.7.5.201505241946.pom
Download https://jcenter.bintray.com/org/jacoco/org.jacoco.report/0.7.5.201505241946/org.jacoco.report-0.7.5.201505241946.pom
Download https://jcenter.bintray.com/net/sf/jopt-simple/jopt-simple/4.9/jopt-simple-4.9.pom
Download https://jcenter.bintray.com/org/sonatype/oss/oss-parent/7/oss-parent-7.pom
Download https://jcenter.bintray.com/com/google/protobuf/protobuf-java/2.5.0/protobuf-java-2.5.0.pom
Download https://jcenter.bintray.com/com/google/google/1/google-1.pom
Download https://jcenter.bintray.com/org/antlr/antlr/3.5.2/antlr-3.5.2.pom
Download https://jcenter.bintray.com/org/antlr/antlr-master/3.5.2/antlr-master-3.5.2.pom
Download https://jcenter.bintray.com/org/sonatype/oss/oss-parent/9/oss-parent-9.pom
Download https://jcenter.bintray.com/com/android/tools/build/builder-model/2.2.0/builder-model-2.2.0.pom
Download https://jcenter.bintray.com/com/android/tools/build/builder-test-api/2.2.0/builder-test-api-2.2.0.pom
Download https://jcenter.bintray.com/com/android/tools/sdklib/25.2.0/sdklib-25.2.0.pom
Download https://jcenter.bintray.com/com/android/tools/sdk-common/25.2.0/sdk-common-25.2.0.pom
Download https://jcenter.bintray.com/com/android/tools/common/25.2.0/common-25.2.0.pom
Download https://jcenter.bintray.com/com/android/tools/build/manifest-merger/25.2.0/manifest-merger-25.2.0.pom
Download https://jcenter.bintray.com/com/android/tools/ddms/ddmlib/25.2.0/ddmlib-25.2.0.pom
Download https://jcenter.bintray.com/com/android/tools/jack/jack-api/0.11.0/jack-api-0.11.0.pom
Download https://jcenter.bintray.com/com/android/tools/jill/jill-api/0.10.0/jill-api-0.10.0.pom
Download https://jcenter.bintray.com/com/android/tools/analytics-library/protos/25.2.0/protos-25.2.0.pom
Download https://jcenter.bintray.com/com/android/tools/analytics-library/shared/25.2.0/shared-25.2.0.pom
Download https://jcenter.bintray.com/com/android/tools/analytics-library/tracker/25.2.0/tracker-25.2.0.pom
Download https://jcenter.bintray.com/com/squareup/javawriter/2.5.0/javawriter-2.5.0.pom
Download https://jcenter.bintray.com/org/bouncycastle/bcpkix-jdk15on/1.48/bcpkix-jdk15on-1.48.pom
Download https://jcenter.bintray.com/org/bouncycastle/bcprov-jdk15on/1.48/bcprov-jdk15on-1.48.pom
Download https://jcenter.bintray.com/org/ow2/asm/asm-tree/5.0.4/asm-tree-5.0.4.pom
Download https://jcenter.bintray.com/com/android/tools/lint/lint-checks/25.2.0/lint-checks-25.2.0.pom
Download https://jcenter.bintray.com/org/eclipse/jdt/core/compiler/ecj/4.5.1/ecj-4.5.1.pom
Download https://jcenter.bintray.com/com/google/guava/guava/17.0/guava-17.0.pom
Download https://jcenter.bintray.com/com/google/guava/guava-parent/17.0/guava-parent-17.0.pom
Download https://jcenter.bintray.com/com/android/databinding/baseLibrary/2.2.0/baseLibrary-2.2.0.pom
Download https://jcenter.bintray.com/org/antlr/antlr4/4.5.3/antlr4-4.5.3.pom
Download https://jcenter.bintray.com/org/antlr/antlr4-master/4.5.3/antlr4-master-4.5.3.pom
Download https://jcenter.bintray.com/commons-io/commons-io/2.4/commons-io-2.4.pom
Download https://jcenter.bintray.com/org/apache/commons/commons-parent/25/commons-parent-25.pom
Download https://jcenter.bintray.com/org/apache/apache/9/apache-9.pom
Download https://jcenter.bintray.com/com/googlecode/juniversalchardet/juniversalchardet/1.0.3/juniversalchardet-1.0.3.pom
Download https://jcenter.bintray.com/com/android/tools/annotations/24.5.0/annotations-24.5.0.pom
Download https://jcenter.bintray.com/net/sf/proguard/proguard-base/5.2.1/proguard-base-5.2.1.pom
Download https://jcenter.bintray.com/org/ow2/asm/asm-debug-all/5.0.1/asm-debug-all-5.0.1.pom
Download https://jcenter.bintray.com/org/ow2/asm/asm-parent/5.0.1/asm-parent-5.0.1.pom
Download https://jcenter.bintray.com/org/antlr/antlr-runtime/3.5.2/antlr-runtime-3.5.2.pom
Download https://jcenter.bintray.com/org/antlr/ST4/4.0.8/ST4-4.0.8.pom
Download https://jcenter.bintray.com/com/android/tools/layoutlib/layoutlib-api/25.2.0/layoutlib-api-25.2.0.pom
Download https://jcenter.bintray.com/com/android/tools/dvlib/25.2.0/dvlib-25.2.0.pom
Download https://jcenter.bintray.com/com/android/tools/repository/25.2.0/repository-25.2.0.pom
Download https://jcenter.bintray.com/com/google/code/gson/gson/2.2.4/gson-2.2.4.pom
Download https://jcenter.bintray.com/org/apache/commons/commons-compress/1.8.1/commons-compress-1.8.1.pom
Download https://jcenter.bintray.com/org/apache/commons/commons-parent/33/commons-parent-33.pom
Download https://jcenter.bintray.com/org/apache/apache/13/apache-13.pom
Download https://jcenter.bintray.com/org/apache/httpcomponents/httpclient/4.1.1/httpclient-4.1.1.pom
Download https://jcenter.bintray.com/org/apache/httpcomponents/httpcomponents-client/4.1.1/httpcomponents-client-4.1.1.pom
Download https://jcenter.bintray.com/org/apache/httpcomponents/project/4.1.1/project-4.1.1.pom
Download https://jcenter.bintray.com/org/apache/httpcomponents/httpmime/4.1/httpmime-4.1.pom
Download https://jcenter.bintray.com/org/apache/httpcomponents/httpcomponents-client/4.1/httpcomponents-client-4.1.pom
Download https://jcenter.bintray.com/net/sf/kxml/kxml2/2.3.0/kxml2-2.3.0.pom
Download https://jcenter.bintray.com/com/android/tools/lint/lint-api/25.2.0/lint-api-25.2.0.pom
Download https://jcenter.bintray.com/org/ow2/asm/asm-analysis/5.0.4/asm-analysis-5.0.4.pom
Download https://jcenter.bintray.com/com/intellij/annotations/12.0/annotations-12.0.pom
Download https://jcenter.bintray.com/com/google/jimfs/jimfs/1.1/jimfs-1.1.pom
Download https://jcenter.bintray.com/com/google/jimfs/jimfs-parent/1.1/jimfs-parent-1.1.pom
Download https://jcenter.bintray.com/org/apache/httpcomponents/httpcore/4.1/httpcore-4.1.pom
Download https://jcenter.bintray.com/org/apache/httpcomponents/httpcomponents-core/4.1/httpcomponents-core-4.1.pom
Download https://jcenter.bintray.com/commons-logging/commons-logging/1.1.1/commons-logging-1.1.1.pom
Download https://jcenter.bintray.com/org/apache/commons/commons-parent/5/commons-parent-5.pom
Download https://jcenter.bintray.com/org/apache/apache/4/apache-4.pom
Download https://jcenter.bintray.com/commons-codec/commons-codec/1.4/commons-codec-1.4.pom
Download https://jcenter.bintray.com/org/apache/commons/commons-parent/11/commons-parent-11.pom
Download https://jcenter.bintray.com/com/android/tools/external/lombok/lombok-ast/0.2.3/lombok-ast-0.2.3.pom
Download https://jcenter.bintray.com/com/android/tools/external/com-intellij/uast/145.597.3/uast-145.597.3.pom
Download https://jcenter.bintray.com/com/android/tools/annotations/25.2.0/annotations-25.2.0.pom
Download https://jcenter.bintray.com/com/google/guava/guava/18.0/guava-18.0.pom
Download https://jcenter.bintray.com/com/google/guava/guava-parent/18.0/guava-parent-18.0.pom
Download https://jcenter.bintray.com/com/android/tools/build/gradle/2.2.0/gradle-2.2.0.jar
Download https://jcenter.bintray.com/com/android/tools/build/gradle-core/2.2.0/gradle-core-2.2.0.jar
Download https://jcenter.bintray.com/com/android/tools/build/builder/2.2.0/builder-2.2.0.jar
Download https://jcenter.bintray.com/com/android/tools/lint/lint/25.2.0/lint-25.2.0.jar
Download https://jcenter.bintray.com/com/android/tools/build/transform-api/2.0.0-deprecated-use-gradle-api/transform-api-2.0.0-deprecated-use-gradle-api.jar
Download https://jcenter.bintray.com/com/android/tools/build/gradle-api/2.2.0/gradle-api-2.2.0.jar
Download https://jcenter.bintray.com/com/android/databinding/compilerCommon/2.2.0/compilerCommon-2.2.0.jar
Download https://jcenter.bintray.com/org/ow2/asm/asm/5.0.4/asm-5.0.4.jar
Download https://jcenter.bintray.com/org/ow2/asm/asm-commons/5.0.4/asm-commons-5.0.4.jar
Download https://jcenter.bintray.com/net/sf/proguard/proguard-gradle/5.2.1/proguard-gradle-5.2.1.jar
Download https://jcenter.bintray.com/org/jacoco/org.jacoco.core/0.7.5.201505241946/org.jacoco.core-0.7.5.201505241946.jar
Download https://jcenter.bintray.com/org/jacoco/org.jacoco.report/0.7.5.201505241946/org.jacoco.report-0.7.5.201505241946.jar
Download https://jcenter.bintray.com/net/sf/jopt-simple/jopt-simple/4.9/jopt-simple-4.9.jar
Download https://jcenter.bintray.com/com/google/protobuf/protobuf-java/2.5.0/protobuf-java-2.5.0.jar
Download https://jcenter.bintray.com/org/antlr/antlr/3.5.2/antlr-3.5.2.jar
Download https://jcenter.bintray.com/com/android/tools/build/builder-model/2.2.0/builder-model-2.2.0.jar
Download https://jcenter.bintray.com/com/android/tools/build/builder-test-api/2.2.0/builder-test-api-2.2.0.jar
Download https://jcenter.bintray.com/com/android/tools/sdklib/25.2.0/sdklib-25.2.0.jar
Download https://jcenter.bintray.com/com/android/tools/sdk-common/25.2.0/sdk-common-25.2.0.jar
Download https://jcenter.bintray.com/com/android/tools/common/25.2.0/common-25.2.0.jar
Download https://jcenter.bintray.com/com/android/tools/build/manifest-merger/25.2.0/manifest-merger-25.2.0.jar
Download https://jcenter.bintray.com/com/android/tools/ddms/ddmlib/25.2.0/ddmlib-25.2.0.jar
Download https://jcenter.bintray.com/com/android/tools/jack/jack-api/0.11.0/jack-api-0.11.0.jar
Download https://jcenter.bintray.com/com/android/tools/jill/jill-api/0.10.0/jill-api-0.10.0.jar
Download https://jcenter.bintray.com/com/android/tools/analytics-library/protos/25.2.0/protos-25.2.0.jar
Download https://jcenter.bintray.com/com/android/tools/analytics-library/shared/25.2.0/shared-25.2.0.jar
Download https://jcenter.bintray.com/com/android/tools/analytics-library/tracker/25.2.0/tracker-25.2.0.jar
Download https://jcenter.bintray.com/com/squareup/javawriter/2.5.0/javawriter-2.5.0.jar
Download https://jcenter.bintray.com/org/bouncycastle/bcpkix-jdk15on/1.48/bcpkix-jdk15on-1.48.jar
Download https://jcenter.bintray.com/org/bouncycastle/bcprov-jdk15on/1.48/bcprov-jdk15on-1.48.jar
Download https://jcenter.bintray.com/org/ow2/asm/asm-tree/5.0.4/asm-tree-5.0.4.jar
Download https://jcenter.bintray.com/com/android/tools/lint/lint-checks/25.2.0/lint-checks-25.2.0.jar
Download https://jcenter.bintray.com/org/eclipse/jdt/core/compiler/ecj/4.5.1/ecj-4.5.1.jar
Download https://jcenter.bintray.com/com/android/databinding/baseLibrary/2.2.0/baseLibrary-2.2.0.jar
Download https://jcenter.bintray.com/org/antlr/antlr4/4.5.3/antlr4-4.5.3.jar
Download https://jcenter.bintray.com/commons-io/commons-io/2.4/commons-io-2.4.jar
Download https://jcenter.bintray.com/com/googlecode/juniversalchardet/juniversalchardet/1.0.3/juniversalchardet-1.0.3.jar
Download https://jcenter.bintray.com/net/sf/proguard/proguard-base/5.2.1/proguard-base-5.2.1.jar
Download https://jcenter.bintray.com/org/ow2/asm/asm-debug-all/5.0.1/asm-debug-all-5.0.1.jar
Download https://jcenter.bintray.com/org/antlr/antlr-runtime/3.5.2/antlr-runtime-3.5.2.jar
Download https://jcenter.bintray.com/org/antlr/ST4/4.0.8/ST4-4.0.8.jar
Download https://jcenter.bintray.com/com/android/tools/layoutlib/layoutlib-api/25.2.0/layoutlib-api-25.2.0.jar
Download https://jcenter.bintray.com/com/android/tools/dvlib/25.2.0/dvlib-25.2.0.jar
Download https://jcenter.bintray.com/com/android/tools/repository/25.2.0/repository-25.2.0.jar
Download https://jcenter.bintray.com/com/google/code/gson/gson/2.2.4/gson-2.2.4.jar
Download https://jcenter.bintray.com/org/apache/commons/commons-compress/1.8.1/commons-compress-1.8.1.jar
Download https://jcenter.bintray.com/org/apache/httpcomponents/httpclient/4.1.1/httpclient-4.1.1.jar
Download https://jcenter.bintray.com/org/apache/httpcomponents/httpmime/4.1/httpmime-4.1.jar
Download https://jcenter.bintray.com/net/sf/kxml/kxml2/2.3.0/kxml2-2.3.0.jar
Download https://jcenter.bintray.com/com/android/tools/lint/lint-api/25.2.0/lint-api-25.2.0.jar
Download https://jcenter.bintray.com/org/ow2/asm/asm-analysis/5.0.4/asm-analysis-5.0.4.jar
Download https://jcenter.bintray.com/com/intellij/annotations/12.0/annotations-12.0.jar
Download https://jcenter.bintray.com/com/google/jimfs/jimfs/1.1/jimfs-1.1.jar
Download https://jcenter.bintray.com/org/apache/httpcomponents/httpcore/4.1/httpcore-4.1.jar
Download https://jcenter.bintray.com/commons-logging/commons-logging/1.1.1/commons-logging-1.1.1.jar
Download https://jcenter.bintray.com/commons-codec/commons-codec/1.4/commons-codec-1.4.jar
Download https://jcenter.bintray.com/com/android/tools/external/lombok/lombok-ast/0.2.3/lombok-ast-0.2.3.jar
Download https://jcenter.bintray.com/com/android/tools/external/com-intellij/uast/145.597.3/uast-145.597.3.jar
Download https://jcenter.bintray.com/com/android/tools/annotations/25.2.0/annotations-25.2.0.jar
Download https://jcenter.bintray.com/com/google/guava/guava/18.0/guava-18.0.jar

BUILD FAILED

Total time: 3 mins 10.524 secs
